<?xml version="1.0" encoding="UTF-8"?>
<robot generator="Robot 7.0rc3 (Python 3.11.2 on win32)" generated="2025-10-27T00:48:00.961735" rpa="false" schemaversion="5">
<suite id="s1" name="MultiPlayersReg" source="C:\Users\HP\PycharmProjects\BSB\AdminManualOrder\MultiPlayersReg.robot">
<test id="s1-t1" name="Multiple Players - Admin Manual Order" line="24">
<kw name="Open the browser and login as superadmin">
<kw name="Set Selenium Implicit Wait" owner="SeleniumLibrary">
<arg>20s</arg>
<doc>Sets the implicit wait value used by Selenium.</doc>
<status status="PASS" start="2025-10-27T00:48:01.141966" elapsed="0.000000"/>
</kw>
<kw name="Set Selenium Speed" owner="SeleniumLibrary">
<arg>0.4</arg>
<doc>Sets the delay that is waited after each Selenium command.</doc>
<status status="PASS" start="2025-10-27T00:48:01.141966" elapsed="0.000000"/>
</kw>
<kw name="Open Browser" owner="SeleniumLibrary">
<msg time="2025-10-27T00:48:01.141966" level="INFO">Opening browser 'chrome' to base url 'https://leagues.bluesombrero.com/default.aspx?portalid=9003'.</msg>
<arg>${URL}</arg>
<arg>${Browser}</arg>
<doc>Opens a new browser instance to the optional ``url``.</doc>
<status status="PASS" start="2025-10-27T00:48:01.141966" elapsed="11.012387"/>
</kw>
<kw name="Maximize Browser Window" owner="SeleniumLibrary">
<doc>Maximizes current browser window.</doc>
<status status="PASS" start="2025-10-27T00:48:12.154353" elapsed="0.566974"/>
</kw>
<kw name="Click Element" owner="SeleniumLibrary">
<msg time="2025-10-27T00:48:12.721327" level="INFO">Clicking element 'id:dnn_dnnLOGIN_cmdLogin'.</msg>
<arg>id:dnn_dnnLOGIN_cmdLogin</arg>
<doc>Click the element identified by ``locator``.</doc>
<status status="PASS" start="2025-10-27T00:48:12.721327" elapsed="5.487600"/>
</kw>
<kw name="Wait Until Element Is Visible" owner="SeleniumLibrary">
<arg>name:email</arg>
<doc>Waits until the element ``locator`` is visible.</doc>
<status status="PASS" start="2025-10-27T00:48:18.208927" elapsed="1.615854"/>
</kw>
<kw name="Input Text" owner="SeleniumLibrary">
<msg time="2025-10-27T00:48:19.824781" level="INFO">Typing text 'amol.sonar+superadmin@stacksports.com' into text field 'name:email'.</msg>
<arg>name:email</arg>
<arg>${User_ID}</arg>
<doc>Types the given ``text`` into the text field identified by ``locator``.</doc>
<status status="PASS" start="2025-10-27T00:48:19.824781" elapsed="1.478032"/>
</kw>
<kw name="Sleep" owner="BuiltIn">
<msg time="2025-10-27T00:48:23.307947" level="INFO">Slept 2 seconds.</msg>
<arg>2</arg>
<doc>Pauses the test executed for the given time.</doc>
<status status="PASS" start="2025-10-27T00:48:21.304780" elapsed="2.003167"/>
</kw>
<kw name="Click Element" owner="SeleniumLibrary">
<msg time="2025-10-27T00:48:23.307947" level="INFO">Clicking element 'name:continue'.</msg>
<arg>name:continue</arg>
<doc>Click the element identified by ``locator``.</doc>
<status status="PASS" start="2025-10-27T00:48:23.307947" elapsed="0.890305"/>
</kw>
<kw name="Wait Until Element Is Visible" owner="SeleniumLibrary">
<arg>name:password</arg>
<arg>10</arg>
<doc>Waits until the element ``locator`` is visible.</doc>
<status status="PASS" start="2025-10-27T00:48:24.198252" elapsed="1.822609"/>
</kw>
<kw name="Input Text" owner="SeleniumLibrary">
<msg time="2025-10-27T00:48:26.020861" level="INFO">Typing text 'Test@1234' into text field 'name:password'.</msg>
<arg>name:password</arg>
<arg>${Pwd}</arg>
<doc>Types the given ``text`` into the text field identified by ``locator``.</doc>
<status status="PASS" start="2025-10-27T00:48:26.020861" elapsed="1.305032"/>
</kw>
<kw name="Click Element" owner="SeleniumLibrary">
<msg time="2025-10-27T00:48:27.325893" level="INFO">Clicking element 'name:continue'.</msg>
<arg>name:continue</arg>
<doc>Click the element identified by ``locator``.</doc>
<status status="PASS" start="2025-10-27T00:48:27.325893" elapsed="0.903595"/>
</kw>
<status status="PASS" start="2025-10-27T00:48:01.141966" elapsed="27.087522"/>
</kw>
<kw name="Go to the Admin manual page &amp; Search the User">
<kw name="Set Selenium Implicit Wait" owner="SeleniumLibrary">
<arg>20s</arg>
<doc>Sets the implicit wait value used by Selenium.</doc>
<status status="PASS" start="2025-10-27T00:48:28.229488" elapsed="0.407758"/>
</kw>
<kw name="Set Selenium Speed" owner="SeleniumLibrary">
<arg>0.4</arg>
<doc>Sets the delay that is waited after each Selenium command.</doc>
<status status="PASS" start="2025-10-27T00:48:28.637246" elapsed="0.000000"/>
</kw>
<kw name="Wait Until Element Is Visible" owner="SeleniumLibrary">
<arg>//div/span[contains(text(),'Dashboard')]</arg>
<arg>100</arg>
<doc>Waits until the element ``locator`` is visible.</doc>
<status status="PASS" start="2025-10-27T00:48:28.637246" elapsed="13.770305"/>
</kw>
<kw name="Go To" owner="SeleniumLibrary">
<msg time="2025-10-27T00:48:42.408596" level="INFO">Opening url 'https://leagues.bluesombrero.com/Default.aspx?tabid=675705'</msg>
<arg>${AdminManualOrderURL}</arg>
<doc>Navigates the current browser window to the provided ``url``.</doc>
<status status="PASS" start="2025-10-27T00:48:42.407551" elapsed="8.067235"/>
</kw>
<kw name="Wait Until Element Is Visible" owner="SeleniumLibrary">
<arg>//a/span[contains(text(),'Select Account')]</arg>
<arg>150</arg>
<doc>Waits until the element ``locator`` is visible.</doc>
<status status="PASS" start="2025-10-27T00:48:50.474786" elapsed="0.830122"/>
</kw>
<kw name="Click Element" owner="SeleniumLibrary">
<msg time="2025-10-27T00:48:51.304908" level="INFO">Clicking element '//a/span[contains(text(),'Select Account')]'.</msg>
<arg>//a/span[contains(text(),'Select Account')]</arg>
<doc>Click the element identified by ``locator``.</doc>
<status status="PASS" start="2025-10-27T00:48:51.304908" elapsed="1.106974"/>
</kw>
<kw name="Sleep" owner="BuiltIn">
<msg time="2025-10-27T00:48:54.412403" level="INFO">Slept 2 seconds.</msg>
<arg>2</arg>
<doc>Pauses the test executed for the given time.</doc>
<status status="PASS" start="2025-10-27T00:48:52.411882" elapsed="2.000521"/>
</kw>
<kw name="Input Text" owner="SeleniumLibrary">
<msg time="2025-10-27T00:48:54.412403" level="INFO">Typing text 'Rock1410, Rock1410' into text field '//div/input[@placeholder="Search"]'.</msg>
<arg>//div/input[@placeholder="Search"]</arg>
<arg>${UserName}</arg>
<doc>Types the given ``text`` into the text field identified by ``locator``.</doc>
<status status="PASS" start="2025-10-27T00:48:54.412403" elapsed="1.662106"/>
</kw>
<kw name="Sleep" owner="BuiltIn">
<msg time="2025-10-27T00:48:58.075404" level="INFO">Slept 2 seconds.</msg>
<arg>2</arg>
<doc>Pauses the test executed for the given time.</doc>
<status status="PASS" start="2025-10-27T00:48:56.074509" elapsed="2.000895"/>
</kw>
<kw name="Press Keys" owner="SeleniumLibrary">
<msg time="2025-10-27T00:48:58.075404" level="INFO">Sending key(s) ('ENTER',) to //div/input[@placeholder="Search"] element.</msg>
<msg time="2025-10-27T00:48:59.184976" level="INFO">Pressing special key ENTER to element.</msg>
<msg time="2025-10-27T00:48:59.184976" level="INFO">Releasing special key ENTER.</msg>
<arg>//div/input[@placeholder="Search"]</arg>
<arg>ENTER</arg>
<doc>Simulates the user pressing key(s) to an element or on the active browser.</doc>
<status status="PASS" start="2025-10-27T00:48:58.075404" elapsed="1.529241"/>
</kw>
<status status="PASS" start="2025-10-27T00:48:28.229488" elapsed="31.375157"/>
</kw>
<kw name="Click on the available program button">
<kw name="Set Selenium Implicit Wait" owner="SeleniumLibrary">
<arg>20s</arg>
<doc>Sets the implicit wait value used by Selenium.</doc>
<status status="PASS" start="2025-10-27T00:48:59.605908" elapsed="0.402601"/>
</kw>
<kw name="Set Selenium Speed" owner="SeleniumLibrary">
<arg>0.4</arg>
<doc>Sets the delay that is waited after each Selenium command.</doc>
<status status="PASS" start="2025-10-27T00:49:00.008509" elapsed="0.001104"/>
</kw>
<kw name="Wait Until Element Is Visible" owner="SeleniumLibrary">
<arg>//div/span[@class='h3 text-scheme-participants']</arg>
<arg>100</arg>
<doc>Waits until the element ``locator`` is visible.</doc>
<status status="PASS" start="2025-10-27T00:49:00.009613" elapsed="7.206965"/>
</kw>
<kw name="Get WebElements" owner="SeleniumLibrary">
<msg time="2025-10-27T00:49:07.654373" level="INFO">${Players} = [&lt;selenium.webdriver.remote.webelement.WebElement (session="ad2a86eb4a38de2ff1a334384e684e3c", element="f.E9A1CA04BFC1F847C7A684D96D1E5CFB.d.6BAFB9481FBCDBE92236B54F6536BE5B.e.166")&gt;, &lt;selenium.webdri...</msg>
<var>${Players}</var>
<arg>//div/span[@class='h3 text-scheme-participants']</arg>
<doc>Returns a list of WebElement objects matching the ``locator``.</doc>
<status status="PASS" start="2025-10-27T00:49:07.218667" elapsed="0.435706"/>
</kw>
<kw name="Set Variable" owner="BuiltIn">
<msg time="2025-10-27T00:49:07.654373" level="INFO">${index} = 1</msg>
<var>${index}</var>
<arg>1</arg>
<doc>Returns the given values which can then be assigned to a variables.</doc>
<status status="PASS" start="2025-10-27T00:49:07.654373" elapsed="0.000000"/>
</kw>
<for flavor="IN">
<iter>
<kw name="Sleep" owner="BuiltIn">
<msg time="2025-10-27T00:49:08.655027" level="INFO">Slept 1 second.</msg>
<arg>1</arg>
<doc>Pauses the test executed for the given time.</doc>
<status status="PASS" start="2025-10-27T00:49:07.654373" elapsed="1.000654"/>
</kw>
<kw name="Scroll Element Into View" owner="SeleniumLibrary">
<arg>${Player}</arg>
<doc>Scrolls the element identified by ``locator`` into view.</doc>
<status status="PASS" start="2025-10-27T00:49:08.655027" elapsed="0.693468"/>
</kw>
<kw name="Sleep" owner="BuiltIn">
<msg time="2025-10-27T00:49:10.348946" level="INFO">Slept 1 second.</msg>
<arg>1</arg>
<doc>Pauses the test executed for the given time.</doc>
<status status="PASS" start="2025-10-27T00:49:09.348495" elapsed="1.000451"/>
</kw>
<kw name="Log" owner="BuiltIn">
<msg time="2025-10-27T00:49:10.768905" level="INFO">P1 Of 1410 Prod</msg>
<arg>${Player.text}</arg>
<doc>Logs the given message with the given level.</doc>
<status status="PASS" start="2025-10-27T00:49:10.348946" elapsed="0.419959"/>
</kw>
<kw name="Exit For Loop If" owner="BuiltIn">
<msg time="2025-10-27T00:49:11.181075" level="INFO">Exiting for loop altogether.</msg>
<arg>'${Player_Name}' == '${Player.text}'</arg>
<doc>Stops executing the enclosing FOR loop if the ``condition`` is true.</doc>
<status status="PASS" start="2025-10-27T00:49:10.768905" elapsed="0.412170"/>
</kw>
<kw name="Evaluate" owner="BuiltIn">
<var>${index}</var>
<arg>${index} + 1</arg>
<doc>Evaluates the given expression in Python and returns the result.</doc>
<status status="NOT RUN" start="2025-10-27T00:49:11.181075" elapsed="0.000000"/>
</kw>
<kw name="Log" owner="BuiltIn">
<arg>${index}</arg>
<doc>Logs the given message with the given level.</doc>
<status status="NOT RUN" start="2025-10-27T00:49:11.181075" elapsed="0.000000"/>
</kw>
<var name="${Player}">&lt;selenium.webdriver.remote.webelement.WebElement (session="ad2a86eb4a38de2ff1a334384e684e3c", element="f.E9A1CA04BFC1F847C7A684D96D1E5CFB.d.6BAFB9481FBCDBE92236B54F6536BE5B.e.166")&gt;</var>
<status status="PASS" start="2025-10-27T00:49:07.654373" elapsed="3.526702"/>
</iter>
<var>${Player}</var>
<value>@{Players}</value>
<status status="PASS" start="2025-10-27T00:49:07.654373" elapsed="3.526702"/>
</for>
<kw name="Click Element" owner="SeleniumLibrary">
<msg time="2025-10-27T00:49:11.181075" level="INFO">Clicking element '(//a[@data-bind='click:navigateToRegisterNewProgramPage']/i/span)[1]'.</msg>
<arg>(//a[@data-bind='click:navigateToRegisterNewProgramPage']/i/span)[${index}]</arg>
<doc>Click the element identified by ``locator``.</doc>
<status status="PASS" start="2025-10-27T00:49:11.181075" elapsed="3.469183"/>
</kw>
<status status="PASS" start="2025-10-27T00:48:59.605908" elapsed="15.044350"/>
</kw>
<kw name="Select the View Division for Multiple Players">
<kw name="Set Selenium Implicit Wait" owner="SeleniumLibrary">
<arg>20s</arg>
<doc>Sets the implicit wait value used by Selenium.</doc>
<status status="PASS" start="2025-10-27T00:49:14.650258" elapsed="0.404633"/>
</kw>
<kw name="Set Selenium Speed" owner="SeleniumLibrary">
<arg>0.4</arg>
<doc>Sets the delay that is waited after each Selenium command.</doc>
<status status="PASS" start="2025-10-27T00:49:15.054891" elapsed="0.000000"/>
</kw>
<kw name="Create List" owner="BuiltIn">
<msg time="2025-10-27T00:49:15.054891" level="INFO">@{Players} = [ P1 of 1410 | P3 of 1410 ]</msg>
<var>@{Players}</var>
<arg>P1 of 1410</arg>
<arg>P3 of 1410</arg>
<doc>Returns a list containing given items.</doc>
<status status="PASS" start="2025-10-27T00:49:15.054891" elapsed="0.000000"/>
</kw>
<for flavor="IN">
<iter>
<kw name="Sleep" owner="BuiltIn">
<msg time="2025-10-27T00:49:16.055299" level="INFO">Slept 1 second.</msg>
<arg>1</arg>
<doc>Pauses the test executed for the given time.</doc>
<status status="PASS" start="2025-10-27T00:49:15.054891" elapsed="1.000408"/>
</kw>
<kw name="Repeat Keyword" owner="BuiltIn">
<msg time="2025-10-27T00:49:16.056364" level="INFO">Repeating keyword, round 1/3.</msg>
<kw name="Scroll Element Into View" owner="SeleniumLibrary">
<arg>//h3[contains(text(),'${ply}')]</arg>
<doc>Scrolls the element identified by ``locator`` into view.</doc>
<status status="PASS" start="2025-10-27T00:49:16.056364" elapsed="5.418258"/>
</kw>
<msg time="2025-10-27T00:49:21.474622" level="INFO">Repeating keyword, round 2/3.</msg>
<kw name="Scroll Element Into View" owner="SeleniumLibrary">
<arg>//h3[contains(text(),'${ply}')]</arg>
<doc>Scrolls the element identified by ``locator`` into view.</doc>
<status status="PASS" start="2025-10-27T00:49:21.474622" elapsed="1.155410"/>
</kw>
<msg time="2025-10-27T00:49:22.630032" level="INFO">Repeating keyword, round 3/3.</msg>
<kw name="Scroll Element Into View" owner="SeleniumLibrary">
<arg>//h3[contains(text(),'${ply}')]</arg>
<doc>Scrolls the element identified by ``locator`` into view.</doc>
<status status="PASS" start="2025-10-27T00:49:22.630032" elapsed="1.072020"/>
</kw>
<arg>3 times</arg>
<arg>scroll element into view</arg>
<arg>//h3[contains(text(),'${ply}')]</arg>
<doc>Executes the specified keyword multiple times.</doc>
<status status="PASS" start="2025-10-27T00:49:16.056364" elapsed="7.645688"/>
</kw>
<kw name="Run Keyword And Return Status" owner="BuiltIn">
<kw name="Element Should Be Visible" owner="SeleniumLibrary">
<msg time="2025-10-27T00:49:24.535726" level="INFO">Element '//mat-expansion-panel-header[@role ='button']/span/p[2]/span' is displayed.</msg>
<arg>//mat-expansion-panel-header[@role ='button']/span/p[2]/span</arg>
<doc>Verifies that the element identified by ``locator`` is visible.</doc>
<status status="PASS" start="2025-10-27T00:49:23.702052" elapsed="0.833674"/>
</kw>
<msg time="2025-10-27T00:49:24.535726" level="INFO">${Status} = True</msg>
<var>${Status}</var>
<arg>element should be visible</arg>
<arg>//mat-expansion-panel-header[@role ='button']/span/p[2]/span</arg>
<doc>Runs the given keyword with given arguments and returns the status as a Boolean value.</doc>
<status status="PASS" start="2025-10-27T00:49:23.702052" elapsed="0.833674"/>
</kw>
<kw name="Run Keyword If" owner="BuiltIn">
<arg>${Status}=='False'</arg>
<arg>click element</arg>
<arg>//h3[contains(text(),'${ply}')]</arg>
<doc>Runs the given keyword with the given arguments, if ``condition`` is true.</doc>
<status status="PASS" start="2025-10-27T00:49:24.535726" elapsed="0.000000"/>
</kw>
<kw name="Wait Until Element Is Visible" owner="SeleniumLibrary">
<arg>//mat-expansion-panel-header[@role ='button']/span/p[2]/span</arg>
<arg>100</arg>
<doc>Waits until the element ``locator`` is visible.</doc>
<status status="PASS" start="2025-10-27T00:49:24.535726" elapsed="0.820268"/>
</kw>
<kw name="Get WebElements" owner="SeleniumLibrary">
<msg time="2025-10-27T00:49:25.764086" level="INFO">${Programs} = [&lt;selenium.webdriver.remote.webelement.WebElement (session="ad2a86eb4a38de2ff1a334384e684e3c", element="f.E9A1CA04BFC1F847C7A684D96D1E5CFB.d.4C6E9A756E8FA2002C6BED569757B637.e.258")&gt;, &lt;selenium.webdri...</msg>
<var>${Programs}</var>
<arg>//mat-expansion-panel-header[@role ='button']/span/p[2]/span</arg>
<doc>Returns a list of WebElement objects matching the ``locator``.</doc>
<status status="PASS" start="2025-10-27T00:49:25.355994" elapsed="0.408092"/>
</kw>
<kw name="Set Variable" owner="BuiltIn">
<msg time="2025-10-27T00:49:25.764086" level="INFO">${index1} = 1</msg>
<var>${index1}</var>
<arg>1</arg>
<doc>Returns the given values which can then be assigned to a variables.</doc>
<status status="PASS" start="2025-10-27T00:49:25.764086" elapsed="0.000000"/>
</kw>
<for flavor="IN">
<iter>
<kw name="Sleep" owner="BuiltIn">
<msg time="2025-10-27T00:49:26.764932" level="INFO">Slept 1 second.</msg>
<arg>1</arg>
<doc>Pauses the test executed for the given time.</doc>
<status status="PASS" start="2025-10-27T00:49:25.764086" elapsed="1.000846"/>
</kw>
<kw name="Scroll Element Into View" owner="SeleniumLibrary">
<arg>${Prg}</arg>
<doc>Scrolls the element identified by ``locator`` into view.</doc>
<status status="PASS" start="2025-10-27T00:49:26.764932" elapsed="0.678958"/>
</kw>
<kw name="Sleep" owner="BuiltIn">
<msg time="2025-10-27T00:49:28.444335" level="INFO">Slept 1 second.</msg>
<arg>1</arg>
<doc>Pauses the test executed for the given time.</doc>
<status status="PASS" start="2025-10-27T00:49:27.443890" elapsed="1.000445"/>
</kw>
<kw name="Log" owner="BuiltIn">
<msg time="2025-10-27T00:49:28.855104" level="INFO">Free_15_10_2025</msg>
<arg>${Prg.text}</arg>
<doc>Logs the given message with the given level.</doc>
<status status="PASS" start="2025-10-27T00:49:28.444335" elapsed="0.410769"/>
</kw>
<kw name="Exit For Loop If" owner="BuiltIn">
<arg>'${Program_Name}' == '${Prg.text}'</arg>
<doc>Stops executing the enclosing FOR loop if the ``condition`` is true.</doc>
<status status="PASS" start="2025-10-27T00:49:28.855104" elapsed="0.410053"/>
</kw>
<kw name="Evaluate" owner="BuiltIn">
<msg time="2025-10-27T00:49:29.265157" level="INFO">${index1} = 2</msg>
<var>${index1}</var>
<arg>${index1} + 1</arg>
<doc>Evaluates the given expression in Python and returns the result.</doc>
<status status="PASS" start="2025-10-27T00:49:29.265157" elapsed="0.000000"/>
</kw>
<kw name="Log" owner="BuiltIn">
<msg time="2025-10-27T00:49:29.265157" level="INFO">2</msg>
<arg>${index1}</arg>
<doc>Logs the given message with the given level.</doc>
<status status="PASS" start="2025-10-27T00:49:29.265157" elapsed="0.000000"/>
</kw>
<var name="${Prg}">&lt;selenium.webdriver.remote.webelement.WebElement (session="ad2a86eb4a38de2ff1a334384e684e3c", element="f.E9A1CA04BFC1F847C7A684D96D1E5CFB.d.4C6E9A756E8FA2002C6BED569757B637.e.258")&gt;</var>
<status status="PASS" start="2025-10-27T00:49:25.764086" elapsed="3.501071"/>
</iter>
<iter>
<kw name="Sleep" owner="BuiltIn">
<msg time="2025-10-27T00:49:30.265398" level="INFO">Slept 1 second.</msg>
<arg>1</arg>
<doc>Pauses the test executed for the given time.</doc>
<status status="PASS" start="2025-10-27T00:49:29.265157" elapsed="1.000241"/>
</kw>
<kw name="Scroll Element Into View" owner="SeleniumLibrary">
<arg>${Prg}</arg>
<doc>Scrolls the element identified by ``locator`` into view.</doc>
<status status="PASS" start="2025-10-27T00:49:30.265398" elapsed="0.664704"/>
</kw>
<kw name="Sleep" owner="BuiltIn">
<msg time="2025-10-27T00:49:31.933969" level="INFO">Slept 1 second.</msg>
<arg>1</arg>
<doc>Pauses the test executed for the given time.</doc>
<status status="PASS" start="2025-10-27T00:49:30.930102" elapsed="1.003867"/>
</kw>
<kw name="Log" owner="BuiltIn">
<msg time="2025-10-27T00:49:32.344239" level="INFO">TC_15_10_2025</msg>
<arg>${Prg.text}</arg>
<doc>Logs the given message with the given level.</doc>
<status status="PASS" start="2025-10-27T00:49:31.933969" elapsed="0.410270"/>
</kw>
<kw name="Exit For Loop If" owner="BuiltIn">
<arg>'${Program_Name}' == '${Prg.text}'</arg>
<doc>Stops executing the enclosing FOR loop if the ``condition`` is true.</doc>
<status status="PASS" start="2025-10-27T00:49:32.344239" elapsed="0.424908"/>
</kw>
<kw name="Evaluate" owner="BuiltIn">
<msg time="2025-10-27T00:49:32.769147" level="INFO">${index1} = 3</msg>
<var>${index1}</var>
<arg>${index1} + 1</arg>
<doc>Evaluates the given expression in Python and returns the result.</doc>
<status status="PASS" start="2025-10-27T00:49:32.769147" elapsed="0.000000"/>
</kw>
<kw name="Log" owner="BuiltIn">
<msg time="2025-10-27T00:49:32.769147" level="INFO">3</msg>
<arg>${index1}</arg>
<doc>Logs the given message with the given level.</doc>
<status status="PASS" start="2025-10-27T00:49:32.769147" elapsed="0.000000"/>
</kw>
<var name="${Prg}">&lt;selenium.webdriver.remote.webelement.WebElement (session="ad2a86eb4a38de2ff1a334384e684e3c", element="f.E9A1CA04BFC1F847C7A684D96D1E5CFB.d.4C6E9A756E8FA2002C6BED569757B637.e.259")&gt;</var>
<status status="PASS" start="2025-10-27T00:49:29.265157" elapsed="3.503990"/>
</iter>
<iter>
<kw name="Sleep" owner="BuiltIn">
<msg time="2025-10-27T00:49:33.769645" level="INFO">Slept 1 second.</msg>
<arg>1</arg>
<doc>Pauses the test executed for the given time.</doc>
<status status="PASS" start="2025-10-27T00:49:32.769147" elapsed="1.000498"/>
</kw>
<kw name="Scroll Element Into View" owner="SeleniumLibrary">
<arg>${Prg}</arg>
<doc>Scrolls the element identified by ``locator`` into view.</doc>
<status status="PASS" start="2025-10-27T00:49:33.769645" elapsed="0.673776"/>
</kw>
<kw name="Sleep" owner="BuiltIn">
<msg time="2025-10-27T00:49:35.446356" level="INFO">Slept 1 second.</msg>
<arg>1</arg>
<doc>Pauses the test executed for the given time.</doc>
<status status="PASS" start="2025-10-27T00:49:34.443421" elapsed="1.002935"/>
</kw>
<kw name="Log" owner="BuiltIn">
<msg time="2025-10-27T00:49:35.859697" level="INFO">TO_15_10</msg>
<arg>${Prg.text}</arg>
<doc>Logs the given message with the given level.</doc>
<status status="PASS" start="2025-10-27T00:49:35.446356" elapsed="0.413341"/>
</kw>
<kw name="Exit For Loop If" owner="BuiltIn">
<arg>'${Program_Name}' == '${Prg.text}'</arg>
<doc>Stops executing the enclosing FOR loop if the ``condition`` is true.</doc>
<status status="PASS" start="2025-10-27T00:49:35.859697" elapsed="0.420109"/>
</kw>
<kw name="Evaluate" owner="BuiltIn">
<msg time="2025-10-27T00:49:36.279806" level="INFO">${index1} = 4</msg>
<var>${index1}</var>
<arg>${index1} + 1</arg>
<doc>Evaluates the given expression in Python and returns the result.</doc>
<status status="PASS" start="2025-10-27T00:49:36.279806" elapsed="0.000000"/>
</kw>
<kw name="Log" owner="BuiltIn">
<msg time="2025-10-27T00:49:36.279806" level="INFO">4</msg>
<arg>${index1}</arg>
<doc>Logs the given message with the given level.</doc>
<status status="PASS" start="2025-10-27T00:49:36.279806" elapsed="0.000000"/>
</kw>
<var name="${Prg}">&lt;selenium.webdriver.remote.webelement.WebElement (session="ad2a86eb4a38de2ff1a334384e684e3c", element="f.E9A1CA04BFC1F847C7A684D96D1E5CFB.d.4C6E9A756E8FA2002C6BED569757B637.e.260")&gt;</var>
<status status="PASS" start="2025-10-27T00:49:32.769147" elapsed="3.510659"/>
</iter>
<iter>
<kw name="Sleep" owner="BuiltIn">
<msg time="2025-10-27T00:49:37.280410" level="INFO">Slept 1 second.</msg>
<arg>1</arg>
<doc>Pauses the test executed for the given time.</doc>
<status status="PASS" start="2025-10-27T00:49:36.279806" elapsed="1.000604"/>
</kw>
<kw name="Scroll Element Into View" owner="SeleniumLibrary">
<arg>${Prg}</arg>
<doc>Scrolls the element identified by ``locator`` into view.</doc>
<status status="PASS" start="2025-10-27T00:49:37.280410" elapsed="0.690494"/>
</kw>
<kw name="Sleep" owner="BuiltIn">
<msg time="2025-10-27T00:49:38.971551" level="INFO">Slept 1 second.</msg>
<arg>1</arg>
<doc>Pauses the test executed for the given time.</doc>
<status status="PASS" start="2025-10-27T00:49:37.970904" elapsed="1.000647"/>
</kw>
<kw name="Log" owner="BuiltIn">
<msg time="2025-10-27T00:49:39.383624" level="INFO">NT_15_10_2025</msg>
<arg>${Prg.text}</arg>
<doc>Logs the given message with the given level.</doc>
<status status="PASS" start="2025-10-27T00:49:38.971551" elapsed="0.412073"/>
</kw>
<kw name="Exit For Loop If" owner="BuiltIn">
<msg time="2025-10-27T00:49:39.795869" level="INFO">Exiting for loop altogether.</msg>
<arg>'${Program_Name}' == '${Prg.text}'</arg>
<doc>Stops executing the enclosing FOR loop if the ``condition`` is true.</doc>
<status status="PASS" start="2025-10-27T00:49:39.383624" elapsed="0.412245"/>
</kw>
<kw name="Evaluate" owner="BuiltIn">
<var>${index1}</var>
<arg>${index1} + 1</arg>
<doc>Evaluates the given expression in Python and returns the result.</doc>
<status status="NOT RUN" start="2025-10-27T00:49:39.795869" elapsed="0.000000"/>
</kw>
<kw name="Log" owner="BuiltIn">
<arg>${index1}</arg>
<doc>Logs the given message with the given level.</doc>
<status status="NOT RUN" start="2025-10-27T00:49:39.795869" elapsed="0.000000"/>
</kw>
<var name="${Prg}">&lt;selenium.webdriver.remote.webelement.WebElement (session="ad2a86eb4a38de2ff1a334384e684e3c", element="f.E9A1CA04BFC1F847C7A684D96D1E5CFB.d.4C6E9A756E8FA2002C6BED569757B637.e.261")&gt;</var>
<status status="PASS" start="2025-10-27T00:49:36.279806" elapsed="3.516063"/>
</iter>
<var>${Prg}</var>
<value>@{Programs}</value>
<status status="PASS" start="2025-10-27T00:49:25.764086" elapsed="14.031783"/>
</for>
<kw name="Scroll Element Into View" owner="SeleniumLibrary">
<arg>(//button/span[contains(text(),'View Divisions')])[${index1}]</arg>
<doc>Scrolls the element identified by ``locator`` into view.</doc>
<status status="PASS" start="2025-10-27T00:49:39.795869" elapsed="1.083277"/>
</kw>
<kw name="Click Element" owner="SeleniumLibrary">
<msg time="2025-10-27T00:49:40.879146" level="INFO">Clicking element '(//button/span[contains(text(),'View Divisions')])[4]'.</msg>
<arg>(//button/span[contains(text(),'View Divisions')])[${index1}]</arg>
<doc>Click the element identified by ``locator``.</doc>
<status status="PASS" start="2025-10-27T00:49:40.879146" elapsed="0.926531"/>
</kw>
<kw name="Wait Until Element Is Visible" owner="SeleniumLibrary">
<arg>//mat-card-title[@class='mat-card-title']/div</arg>
<arg>100</arg>
<doc>Waits until the element ``locator`` is visible.</doc>
<status status="PASS" start="2025-10-27T00:49:41.805677" elapsed="0.825895"/>
</kw>
<kw name="Get WebElements" owner="SeleniumLibrary">
<msg time="2025-10-27T00:49:43.042654" level="INFO">${Divisions} = [&lt;selenium.webdriver.remote.webelement.WebElement (session="ad2a86eb4a38de2ff1a334384e684e3c", element="f.E9A1CA04BFC1F847C7A684D96D1E5CFB.d.4C6E9A756E8FA2002C6BED569757B637.e.282")&gt;, &lt;selenium.webdri...</msg>
<var>${Divisions}</var>
<arg>//mat-card-title[@class='mat-card-title']/div</arg>
<doc>Returns a list of WebElement objects matching the ``locator``.</doc>
<status status="PASS" start="2025-10-27T00:49:42.631572" elapsed="0.411082"/>
</kw>
<kw name="Set Variable" owner="BuiltIn">
<msg time="2025-10-27T00:49:43.042654" level="INFO">${index2} = 1</msg>
<var>${index2}</var>
<arg>1</arg>
<doc>Returns the given values which can then be assigned to a variables.</doc>
<status status="PASS" start="2025-10-27T00:49:43.042654" elapsed="0.000000"/>
</kw>
<for flavor="IN">
<iter>
<kw name="Sleep" owner="BuiltIn">
<msg time="2025-10-27T00:49:44.043041" level="INFO">Slept 1 second.</msg>
<arg>1</arg>
<doc>Pauses the test executed for the given time.</doc>
<status status="PASS" start="2025-10-27T00:49:43.042654" elapsed="1.000387"/>
</kw>
<kw name="Scroll Element Into View" owner="SeleniumLibrary">
<arg>${Div}</arg>
<doc>Scrolls the element identified by ``locator`` into view.</doc>
<status status="PASS" start="2025-10-27T00:49:44.043041" elapsed="0.705624"/>
</kw>
<kw name="Sleep" owner="BuiltIn">
<msg time="2025-10-27T00:49:45.748795" level="INFO">Slept 1 second.</msg>
<arg>1</arg>
<doc>Pauses the test executed for the given time.</doc>
<status status="PASS" start="2025-10-27T00:49:44.748665" elapsed="1.000130"/>
</kw>
<kw name="Log" owner="BuiltIn">
<msg time="2025-10-27T00:49:46.160705" level="INFO">AA</msg>
<arg>${Div.text}</arg>
<doc>Logs the given message with the given level.</doc>
<status status="PASS" start="2025-10-27T00:49:45.748795" elapsed="0.411910"/>
</kw>
<kw name="Exit For Loop If" owner="BuiltIn">
<msg time="2025-10-27T00:49:46.571138" level="INFO">Exiting for loop altogether.</msg>
<arg>'${Division_Name}' == '${Div.text}'</arg>
<doc>Stops executing the enclosing FOR loop if the ``condition`` is true.</doc>
<status status="PASS" start="2025-10-27T00:49:46.160705" elapsed="0.410433"/>
</kw>
<kw name="Evaluate" owner="BuiltIn">
<var>${index2}</var>
<arg>${index2} + 1</arg>
<doc>Evaluates the given expression in Python and returns the result.</doc>
<status status="NOT RUN" start="2025-10-27T00:49:46.571138" elapsed="0.000000"/>
</kw>
<kw name="Log" owner="BuiltIn">
<arg>${index2}</arg>
<doc>Logs the given message with the given level.</doc>
<status status="NOT RUN" start="2025-10-27T00:49:46.571138" elapsed="0.000000"/>
</kw>
<var name="${Div}">&lt;selenium.webdriver.remote.webelement.WebElement (session="ad2a86eb4a38de2ff1a334384e684e3c", element="f.E9A1CA04BFC1F847C7A684D96D1E5CFB.d.4C6E9A756E8FA2002C6BED569757B637.e.282")&gt;</var>
<status status="PASS" start="2025-10-27T00:49:43.042654" elapsed="3.528484"/>
</iter>
<var>${Div}</var>
<value>@{Divisions}</value>
<status status="PASS" start="2025-10-27T00:49:43.042654" elapsed="3.528484"/>
</for>
<kw name="Sleep" owner="BuiltIn">
<msg time="2025-10-27T00:49:47.571571" level="INFO">Slept 1 second.</msg>
<arg>1</arg>
<doc>Pauses the test executed for the given time.</doc>
<status status="PASS" start="2025-10-27T00:49:46.571138" elapsed="1.000433"/>
</kw>
<kw name="Scroll Element Into View" owner="SeleniumLibrary">
<arg>(//button/span[contains(text(),'Select')])[${index2}]</arg>
<doc>Scrolls the element identified by ``locator`` into view.</doc>
<status status="PASS" start="2025-10-27T00:49:47.571571" elapsed="1.126670"/>
</kw>
<kw name="Sleep" owner="BuiltIn">
<msg time="2025-10-27T00:49:49.698920" level="INFO">Slept 1 second.</msg>
<arg>1</arg>
<doc>Pauses the test executed for the given time.</doc>
<status status="PASS" start="2025-10-27T00:49:48.698241" elapsed="1.000679"/>
</kw>
<kw name="Click Element" owner="SeleniumLibrary">
<msg time="2025-10-27T00:49:49.701494" level="INFO">Clicking element '(//button/span[contains(text(),'Select')])[1]'.</msg>
<arg>(//button/span[contains(text(),'Select')])[${index2}]</arg>
<doc>Click the element identified by ``locator``.</doc>
<status status="PASS" start="2025-10-27T00:49:49.700979" elapsed="0.901288"/>
</kw>
<kw name="Sleep" owner="BuiltIn">
<msg time="2025-10-27T00:49:55.602823" level="INFO">Slept 5 seconds.</msg>
<arg>5</arg>
<doc>Pauses the test executed for the given time.</doc>
<status status="PASS" start="2025-10-27T00:49:50.602267" elapsed="5.000556"/>
</kw>
<kw name="Repeat Keyword" owner="BuiltIn">
<msg time="2025-10-27T00:49:55.602823" level="INFO">Repeating keyword, round 1/3.</msg>
<kw name="Scroll Element Into View" owner="SeleniumLibrary">
<arg>//button/span[contains(text(),'Next Player')]</arg>
<doc>Scrolls the element identified by ``locator`` into view.</doc>
<status status="PASS" start="2025-10-27T00:49:55.602823" elapsed="1.368675"/>
</kw>
<msg time="2025-10-27T00:49:56.971498" level="INFO">Repeating keyword, round 2/3.</msg>
<kw name="Scroll Element Into View" owner="SeleniumLibrary">
<arg>//button/span[contains(text(),'Next Player')]</arg>
<doc>Scrolls the element identified by ``locator`` into view.</doc>
<status status="PASS" start="2025-10-27T00:49:56.971498" elapsed="1.329912"/>
</kw>
<msg time="2025-10-27T00:49:58.301410" level="INFO">Repeating keyword, round 3/3.</msg>
<kw name="Scroll Element Into View" owner="SeleniumLibrary">
<arg>//button/span[contains(text(),'Next Player')]</arg>
<doc>Scrolls the element identified by ``locator`` into view.</doc>
<status status="PASS" start="2025-10-27T00:49:58.301410" elapsed="1.091637"/>
</kw>
<arg>3 times</arg>
<arg>scroll element into view</arg>
<arg>//button/span[contains(text(),'Next Player')]</arg>
<doc>Executes the specified keyword multiple times.</doc>
<status status="PASS" start="2025-10-27T00:49:55.602823" elapsed="3.790224"/>
</kw>
<kw name="Sleep" owner="BuiltIn">
<msg time="2025-10-27T00:50:02.393575" level="INFO">Slept 3 seconds.</msg>
<arg>3</arg>
<doc>Pauses the test executed for the given time.</doc>
<status status="PASS" start="2025-10-27T00:49:59.393047" elapsed="3.000528"/>
</kw>
<kw name="Click Element" owner="SeleniumLibrary">
<msg time="2025-10-27T00:50:02.393575" level="INFO">Clicking element '//button/span[contains(text(),'Next Player')]'.</msg>
<arg>//button/span[contains(text(),'Next Player')]</arg>
<doc>Click the element identified by ``locator``.</doc>
<status status="PASS" start="2025-10-27T00:50:02.393575" elapsed="0.902311"/>
</kw>
<var name="${ply}">P1 of 1410</var>
<status status="PASS" start="2025-10-27T00:49:15.054891" elapsed="48.240995"/>
</iter>
<iter>
<kw name="Sleep" owner="BuiltIn">
<msg time="2025-10-27T00:50:04.296273" level="INFO">Slept 1 second.</msg>
<arg>1</arg>
<doc>Pauses the test executed for the given time.</doc>
<status status="PASS" start="2025-10-27T00:50:03.295886" elapsed="1.000387"/>
</kw>
<kw name="Repeat Keyword" owner="BuiltIn">
<msg time="2025-10-27T00:50:04.296273" level="INFO">Repeating keyword, round 1/3.</msg>
<kw name="Scroll Element Into View" owner="SeleniumLibrary">
<arg>//h3[contains(text(),'${ply}')]</arg>
<doc>Scrolls the element identified by ``locator`` into view.</doc>
<status status="PASS" start="2025-10-27T00:50:04.296273" elapsed="1.134128"/>
</kw>
<msg time="2025-10-27T00:50:05.430401" level="INFO">Repeating keyword, round 2/3.</msg>
<kw name="Scroll Element Into View" owner="SeleniumLibrary">
<arg>//h3[contains(text(),'${ply}')]</arg>
<doc>Scrolls the element identified by ``locator`` into view.</doc>
<status status="PASS" start="2025-10-27T00:50:05.430401" elapsed="1.154404"/>
</kw>
<msg time="2025-10-27T00:50:06.584805" level="INFO">Repeating keyword, round 3/3.</msg>
<kw name="Scroll Element Into View" owner="SeleniumLibrary">
<arg>//h3[contains(text(),'${ply}')]</arg>
<doc>Scrolls the element identified by ``locator`` into view.</doc>
<status status="PASS" start="2025-10-27T00:50:06.584805" elapsed="1.088033"/>
</kw>
<arg>3 times</arg>
<arg>scroll element into view</arg>
<arg>//h3[contains(text(),'${ply}')]</arg>
<doc>Executes the specified keyword multiple times.</doc>
<status status="PASS" start="2025-10-27T00:50:04.296273" elapsed="3.376565"/>
</kw>
<kw name="Run Keyword And Return Status" owner="BuiltIn">
<kw name="Element Should Be Visible" owner="SeleniumLibrary">
<msg time="2025-10-27T00:50:08.510041" level="INFO">Element '//mat-expansion-panel-header[@role ='button']/span/p[2]/span' is displayed.</msg>
<arg>//mat-expansion-panel-header[@role ='button']/span/p[2]/span</arg>
<doc>Verifies that the element identified by ``locator`` is visible.</doc>
<status status="PASS" start="2025-10-27T00:50:07.672838" elapsed="0.837203"/>
</kw>
<msg time="2025-10-27T00:50:08.510041" level="INFO">${Status} = True</msg>
<var>${Status}</var>
<arg>element should be visible</arg>
<arg>//mat-expansion-panel-header[@role ='button']/span/p[2]/span</arg>
<doc>Runs the given keyword with given arguments and returns the status as a Boolean value.</doc>
<status status="PASS" start="2025-10-27T00:50:07.672838" elapsed="0.837203"/>
</kw>
<kw name="Run Keyword If" owner="BuiltIn">
<arg>${Status}=='False'</arg>
<arg>click element</arg>
<arg>//h3[contains(text(),'${ply}')]</arg>
<doc>Runs the given keyword with the given arguments, if ``condition`` is true.</doc>
<status status="PASS" start="2025-10-27T00:50:08.510041" elapsed="0.000000"/>
</kw>
<kw name="Wait Until Element Is Visible" owner="SeleniumLibrary">
<arg>//mat-expansion-panel-header[@role ='button']/span/p[2]/span</arg>
<arg>100</arg>
<doc>Waits until the element ``locator`` is visible.</doc>
<status status="PASS" start="2025-10-27T00:50:08.510041" elapsed="0.821625"/>
</kw>
<kw name="Get WebElements" owner="SeleniumLibrary">
<msg time="2025-10-27T00:50:09.743214" level="INFO">${Programs} = [&lt;selenium.webdriver.remote.webelement.WebElement (session="ad2a86eb4a38de2ff1a334384e684e3c", element="f.E9A1CA04BFC1F847C7A684D96D1E5CFB.d.4C6E9A756E8FA2002C6BED569757B637.e.321")&gt;, &lt;selenium.webdri...</msg>
<var>${Programs}</var>
<arg>//mat-expansion-panel-header[@role ='button']/span/p[2]/span</arg>
<doc>Returns a list of WebElement objects matching the ``locator``.</doc>
<status status="PASS" start="2025-10-27T00:50:09.331666" elapsed="0.411548"/>
</kw>
<kw name="Set Variable" owner="BuiltIn">
<msg time="2025-10-27T00:50:09.745633" level="INFO">${index1} = 1</msg>
<var>${index1}</var>
<arg>1</arg>
<doc>Returns the given values which can then be assigned to a variables.</doc>
<status status="PASS" start="2025-10-27T00:50:09.743214" elapsed="0.002419"/>
</kw>
<for flavor="IN">
<iter>
<kw name="Sleep" owner="BuiltIn">
<msg time="2025-10-27T00:50:10.747875" level="INFO">Slept 1 second.</msg>
<arg>1</arg>
<doc>Pauses the test executed for the given time.</doc>
<status status="PASS" start="2025-10-27T00:50:09.747647" elapsed="1.000228"/>
</kw>
<kw name="Scroll Element Into View" owner="SeleniumLibrary">
<arg>${Prg}</arg>
<doc>Scrolls the element identified by ``locator`` into view.</doc>
<status status="PASS" start="2025-10-27T00:50:10.747875" elapsed="0.687479"/>
</kw>
<kw name="Sleep" owner="BuiltIn">
<msg time="2025-10-27T00:50:12.435847" level="INFO">Slept 1 second.</msg>
<arg>1</arg>
<doc>Pauses the test executed for the given time.</doc>
<status status="PASS" start="2025-10-27T00:50:11.435354" elapsed="1.000493"/>
</kw>
<kw name="Log" owner="BuiltIn">
<msg time="2025-10-27T00:50:12.850127" level="INFO">Free_15_10_2025</msg>
<arg>${Prg.text}</arg>
<doc>Logs the given message with the given level.</doc>
<status status="PASS" start="2025-10-27T00:50:12.435847" elapsed="0.414280"/>
</kw>
<kw name="Exit For Loop If" owner="BuiltIn">
<arg>'${Program_Name}' == '${Prg.text}'</arg>
<doc>Stops executing the enclosing FOR loop if the ``condition`` is true.</doc>
<status status="PASS" start="2025-10-27T00:50:12.850127" elapsed="0.417315"/>
</kw>
<kw name="Evaluate" owner="BuiltIn">
<msg time="2025-10-27T00:50:13.267442" level="INFO">${index1} = 2</msg>
<var>${index1}</var>
<arg>${index1} + 1</arg>
<doc>Evaluates the given expression in Python and returns the result.</doc>
<status status="PASS" start="2025-10-27T00:50:13.267442" elapsed="0.000000"/>
</kw>
<kw name="Log" owner="BuiltIn">
<msg time="2025-10-27T00:50:13.268469" level="INFO">2</msg>
<arg>${index1}</arg>
<doc>Logs the given message with the given level.</doc>
<status status="PASS" start="2025-10-27T00:50:13.267442" elapsed="0.001027"/>
</kw>
<var name="${Prg}">&lt;selenium.webdriver.remote.webelement.WebElement (session="ad2a86eb4a38de2ff1a334384e684e3c", element="f.E9A1CA04BFC1F847C7A684D96D1E5CFB.d.4C6E9A756E8FA2002C6BED569757B637.e.321")&gt;</var>
<status status="PASS" start="2025-10-27T00:50:09.745633" elapsed="3.522836"/>
</iter>
<iter>
<kw name="Sleep" owner="BuiltIn">
<msg time="2025-10-27T00:50:14.268961" level="INFO">Slept 1 second.</msg>
<arg>1</arg>
<doc>Pauses the test executed for the given time.</doc>
<status status="PASS" start="2025-10-27T00:50:13.268469" elapsed="1.000492"/>
</kw>
<kw name="Scroll Element Into View" owner="SeleniumLibrary">
<arg>${Prg}</arg>
<doc>Scrolls the element identified by ``locator`` into view.</doc>
<status status="PASS" start="2025-10-27T00:50:14.268961" elapsed="0.671823"/>
</kw>
<kw name="Sleep" owner="BuiltIn">
<msg time="2025-10-27T00:50:15.941352" level="INFO">Slept 1 second.</msg>
<arg>1</arg>
<doc>Pauses the test executed for the given time.</doc>
<status status="PASS" start="2025-10-27T00:50:14.940784" elapsed="1.000568"/>
</kw>
<kw name="Log" owner="BuiltIn">
<msg time="2025-10-27T00:50:16.350988" level="INFO">TC_15_10_2025</msg>
<arg>${Prg.text}</arg>
<doc>Logs the given message with the given level.</doc>
<status status="PASS" start="2025-10-27T00:50:15.941352" elapsed="0.409636"/>
</kw>
<kw name="Exit For Loop If" owner="BuiltIn">
<arg>'${Program_Name}' == '${Prg.text}'</arg>
<doc>Stops executing the enclosing FOR loop if the ``condition`` is true.</doc>
<status status="PASS" start="2025-10-27T00:50:16.350988" elapsed="0.409696"/>
</kw>
<kw name="Evaluate" owner="BuiltIn">
<msg time="2025-10-27T00:50:16.760684" level="INFO">${index1} = 3</msg>
<var>${index1}</var>
<arg>${index1} + 1</arg>
<doc>Evaluates the given expression in Python and returns the result.</doc>
<status status="PASS" start="2025-10-27T00:50:16.760684" elapsed="0.000000"/>
</kw>
<kw name="Log" owner="BuiltIn">
<msg time="2025-10-27T00:50:16.763024" level="INFO">3</msg>
<arg>${index1}</arg>
<doc>Logs the given message with the given level.</doc>
<status status="PASS" start="2025-10-27T00:50:16.763024" elapsed="0.000000"/>
</kw>
<var name="${Prg}">&lt;selenium.webdriver.remote.webelement.WebElement (session="ad2a86eb4a38de2ff1a334384e684e3c", element="f.E9A1CA04BFC1F847C7A684D96D1E5CFB.d.4C6E9A756E8FA2002C6BED569757B637.e.322")&gt;</var>
<status status="PASS" start="2025-10-27T00:50:13.268469" elapsed="3.494555"/>
</iter>
<iter>
<kw name="Sleep" owner="BuiltIn">
<msg time="2025-10-27T00:50:17.763599" level="INFO">Slept 1 second.</msg>
<arg>1</arg>
<doc>Pauses the test executed for the given time.</doc>
<status status="PASS" start="2025-10-27T00:50:16.763024" elapsed="1.000575"/>
</kw>
<kw name="Scroll Element Into View" owner="SeleniumLibrary">
<arg>${Prg}</arg>
<doc>Scrolls the element identified by ``locator`` into view.</doc>
<status status="PASS" start="2025-10-27T00:50:17.763599" elapsed="0.690070"/>
</kw>
<kw name="Sleep" owner="BuiltIn">
<msg time="2025-10-27T00:50:19.454223" level="INFO">Slept 1 second.</msg>
<arg>1</arg>
<doc>Pauses the test executed for the given time.</doc>
<status status="PASS" start="2025-10-27T00:50:18.453669" elapsed="1.000554"/>
</kw>
<kw name="Log" owner="BuiltIn">
<msg time="2025-10-27T00:50:19.865957" level="INFO">TO_15_10</msg>
<arg>${Prg.text}</arg>
<doc>Logs the given message with the given level.</doc>
<status status="PASS" start="2025-10-27T00:50:19.454223" elapsed="0.411734"/>
</kw>
<kw name="Exit For Loop If" owner="BuiltIn">
<arg>'${Program_Name}' == '${Prg.text}'</arg>
<doc>Stops executing the enclosing FOR loop if the ``condition`` is true.</doc>
<status status="PASS" start="2025-10-27T00:50:19.865957" elapsed="0.412213"/>
</kw>
<kw name="Evaluate" owner="BuiltIn">
<msg time="2025-10-27T00:50:20.278689" level="INFO">${index1} = 4</msg>
<var>${index1}</var>
<arg>${index1} + 1</arg>
<doc>Evaluates the given expression in Python and returns the result.</doc>
<status status="PASS" start="2025-10-27T00:50:20.278689" elapsed="0.000000"/>
</kw>
<kw name="Log" owner="BuiltIn">
<msg time="2025-10-27T00:50:20.278689" level="INFO">4</msg>
<arg>${index1}</arg>
<doc>Logs the given message with the given level.</doc>
<status status="PASS" start="2025-10-27T00:50:20.278689" elapsed="0.000000"/>
</kw>
<var name="${Prg}">&lt;selenium.webdriver.remote.webelement.WebElement (session="ad2a86eb4a38de2ff1a334384e684e3c", element="f.E9A1CA04BFC1F847C7A684D96D1E5CFB.d.4C6E9A756E8FA2002C6BED569757B637.e.323")&gt;</var>
<status status="PASS" start="2025-10-27T00:50:16.763024" elapsed="3.515665"/>
</iter>
<iter>
<kw name="Sleep" owner="BuiltIn">
<msg time="2025-10-27T00:50:21.279229" level="INFO">Slept 1 second.</msg>
<arg>1</arg>
<doc>Pauses the test executed for the given time.</doc>
<status status="PASS" start="2025-10-27T00:50:20.278689" elapsed="1.000540"/>
</kw>
<kw name="Scroll Element Into View" owner="SeleniumLibrary">
<arg>${Prg}</arg>
<doc>Scrolls the element identified by ``locator`` into view.</doc>
<status status="PASS" start="2025-10-27T00:50:21.279229" elapsed="0.685121"/>
</kw>
<kw name="Sleep" owner="BuiltIn">
<msg time="2025-10-27T00:50:22.964670" level="INFO">Slept 1 second.</msg>
<arg>1</arg>
<doc>Pauses the test executed for the given time.</doc>
<status status="PASS" start="2025-10-27T00:50:21.964350" elapsed="1.000320"/>
</kw>
<kw name="Log" owner="BuiltIn">
<msg time="2025-10-27T00:50:23.378522" level="INFO">NT_15_10_2025</msg>
<arg>${Prg.text}</arg>
<doc>Logs the given message with the given level.</doc>
<status status="PASS" start="2025-10-27T00:50:22.964670" elapsed="0.413852"/>
</kw>
<kw name="Exit For Loop If" owner="BuiltIn">
<msg time="2025-10-27T00:50:23.794452" level="INFO">Exiting for loop altogether.</msg>
<arg>'${Program_Name}' == '${Prg.text}'</arg>
<doc>Stops executing the enclosing FOR loop if the ``condition`` is true.</doc>
<status status="PASS" start="2025-10-27T00:50:23.378522" elapsed="0.415930"/>
</kw>
<kw name="Evaluate" owner="BuiltIn">
<var>${index1}</var>
<arg>${index1} + 1</arg>
<doc>Evaluates the given expression in Python and returns the result.</doc>
<status status="NOT RUN" start="2025-10-27T00:50:23.794452" elapsed="0.000000"/>
</kw>
<kw name="Log" owner="BuiltIn">
<arg>${index1}</arg>
<doc>Logs the given message with the given level.</doc>
<status status="NOT RUN" start="2025-10-27T00:50:23.794452" elapsed="0.000000"/>
</kw>
<var name="${Prg}">&lt;selenium.webdriver.remote.webelement.WebElement (session="ad2a86eb4a38de2ff1a334384e684e3c", element="f.E9A1CA04BFC1F847C7A684D96D1E5CFB.d.4C6E9A756E8FA2002C6BED569757B637.e.324")&gt;</var>
<status status="PASS" start="2025-10-27T00:50:20.278689" elapsed="3.515763"/>
</iter>
<var>${Prg}</var>
<value>@{Programs}</value>
<status status="PASS" start="2025-10-27T00:50:09.745633" elapsed="14.048819"/>
</for>
<kw name="Scroll Element Into View" owner="SeleniumLibrary">
<arg>(//button/span[contains(text(),'View Divisions')])[${index1}]</arg>
<doc>Scrolls the element identified by ``locator`` into view.</doc>
<status status="PASS" start="2025-10-27T00:50:23.794452" elapsed="1.099723"/>
</kw>
<kw name="Click Element" owner="SeleniumLibrary">
<msg time="2025-10-27T00:50:24.894175" level="INFO">Clicking element '(//button/span[contains(text(),'View Divisions')])[4]'.</msg>
<arg>(//button/span[contains(text(),'View Divisions')])[${index1}]</arg>
<doc>Click the element identified by ``locator``.</doc>
<status status="PASS" start="2025-10-27T00:50:24.894175" elapsed="0.892153"/>
</kw>
<kw name="Wait Until Element Is Visible" owner="SeleniumLibrary">
<arg>//mat-card-title[@class='mat-card-title']/div</arg>
<arg>100</arg>
<doc>Waits until the element ``locator`` is visible.</doc>
<status status="PASS" start="2025-10-27T00:50:25.786328" elapsed="0.823292"/>
</kw>
<kw name="Get WebElements" owner="SeleniumLibrary">
<msg time="2025-10-27T00:50:27.025557" level="INFO">${Divisions} = [&lt;selenium.webdriver.remote.webelement.WebElement (session="ad2a86eb4a38de2ff1a334384e684e3c", element="f.E9A1CA04BFC1F847C7A684D96D1E5CFB.d.4C6E9A756E8FA2002C6BED569757B637.e.384")&gt;, &lt;selenium.webdri...</msg>
<var>${Divisions}</var>
<arg>//mat-card-title[@class='mat-card-title']/div</arg>
<doc>Returns a list of WebElement objects matching the ``locator``.</doc>
<status status="PASS" start="2025-10-27T00:50:26.609620" elapsed="0.415937"/>
</kw>
<kw name="Set Variable" owner="BuiltIn">
<msg time="2025-10-27T00:50:27.025557" level="INFO">${index2} = 1</msg>
<var>${index2}</var>
<arg>1</arg>
<doc>Returns the given values which can then be assigned to a variables.</doc>
<status status="PASS" start="2025-10-27T00:50:27.025557" elapsed="0.000000"/>
</kw>
<for flavor="IN">
<iter>
<kw name="Sleep" owner="BuiltIn">
<msg time="2025-10-27T00:50:28.028917" level="INFO">Slept 1 second.</msg>
<arg>1</arg>
<doc>Pauses the test executed for the given time.</doc>
<status status="PASS" start="2025-10-27T00:50:27.028551" elapsed="1.000366"/>
</kw>
<kw name="Scroll Element Into View" owner="SeleniumLibrary">
<arg>${Div}</arg>
<doc>Scrolls the element identified by ``locator`` into view.</doc>
<status status="PASS" start="2025-10-27T00:50:28.028917" elapsed="0.701540"/>
</kw>
<kw name="Sleep" owner="BuiltIn">
<msg time="2025-10-27T00:50:29.730773" level="INFO">Slept 1 second.</msg>
<arg>1</arg>
<doc>Pauses the test executed for the given time.</doc>
<status status="PASS" start="2025-10-27T00:50:28.730457" elapsed="1.000316"/>
</kw>
<kw name="Log" owner="BuiltIn">
<msg time="2025-10-27T00:50:30.140908" level="INFO">AA</msg>
<arg>${Div.text}</arg>
<doc>Logs the given message with the given level.</doc>
<status status="PASS" start="2025-10-27T00:50:29.730773" elapsed="0.410135"/>
</kw>
<kw name="Exit For Loop If" owner="BuiltIn">
<msg time="2025-10-27T00:50:30.550729" level="INFO">Exiting for loop altogether.</msg>
<arg>'${Division_Name}' == '${Div.text}'</arg>
<doc>Stops executing the enclosing FOR loop if the ``condition`` is true.</doc>
<status status="PASS" start="2025-10-27T00:50:30.141428" elapsed="0.409301"/>
</kw>
<kw name="Evaluate" owner="BuiltIn">
<var>${index2}</var>
<arg>${index2} + 1</arg>
<doc>Evaluates the given expression in Python and returns the result.</doc>
<status status="NOT RUN" start="2025-10-27T00:50:30.550729" elapsed="0.000000"/>
</kw>
<kw name="Log" owner="BuiltIn">
<arg>${index2}</arg>
<doc>Logs the given message with the given level.</doc>
<status status="NOT RUN" start="2025-10-27T00:50:30.550729" elapsed="0.000000"/>
</kw>
<var name="${Div}">&lt;selenium.webdriver.remote.webelement.WebElement (session="ad2a86eb4a38de2ff1a334384e684e3c", element="f.E9A1CA04BFC1F847C7A684D96D1E5CFB.d.4C6E9A756E8FA2002C6BED569757B637.e.384")&gt;</var>
<status status="PASS" start="2025-10-27T00:50:27.028551" elapsed="3.522178"/>
</iter>
<var>${Div}</var>
<value>@{Divisions}</value>
<status status="PASS" start="2025-10-27T00:50:27.025557" elapsed="3.525172"/>
</for>
<kw name="Sleep" owner="BuiltIn">
<msg time="2025-10-27T00:50:31.551289" level="INFO">Slept 1 second.</msg>
<arg>1</arg>
<doc>Pauses the test executed for the given time.</doc>
<status status="PASS" start="2025-10-27T00:50:30.550729" elapsed="1.000560"/>
</kw>
<kw name="Scroll Element Into View" owner="SeleniumLibrary">
<arg>(//button/span[contains(text(),'Select')])[${index2}]</arg>
<doc>Scrolls the element identified by ``locator`` into view.</doc>
<status status="PASS" start="2025-10-27T00:50:31.551289" elapsed="1.106522"/>
</kw>
<kw name="Sleep" owner="BuiltIn">
<msg time="2025-10-27T00:50:33.658721" level="INFO">Slept 1 second.</msg>
<arg>1</arg>
<doc>Pauses the test executed for the given time.</doc>
<status status="PASS" start="2025-10-27T00:50:32.657811" elapsed="1.000910"/>
</kw>
<kw name="Click Element" owner="SeleniumLibrary">
<msg time="2025-10-27T00:50:33.658721" level="INFO">Clicking element '(//button/span[contains(text(),'Select')])[1]'.</msg>
<arg>(//button/span[contains(text(),'Select')])[${index2}]</arg>
<doc>Click the element identified by ``locator``.</doc>
<status status="PASS" start="2025-10-27T00:50:33.658721" elapsed="0.936217"/>
</kw>
<kw name="Sleep" owner="BuiltIn">
<msg time="2025-10-27T00:50:39.595743" level="INFO">Slept 5 seconds.</msg>
<arg>5</arg>
<doc>Pauses the test executed for the given time.</doc>
<status status="PASS" start="2025-10-27T00:50:34.594938" elapsed="5.000805"/>
</kw>
<kw name="Repeat Keyword" owner="BuiltIn">
<msg time="2025-10-27T00:50:39.595743" level="INFO">Repeating keyword, round 1/3.</msg>
<kw name="Scroll Element Into View" owner="SeleniumLibrary">
<arg>//button/span[contains(text(),'Next Player')]</arg>
<doc>Scrolls the element identified by ``locator`` into view.</doc>
<status status="PASS" start="2025-10-27T00:50:39.595743" elapsed="1.095656"/>
</kw>
<msg time="2025-10-27T00:50:40.691399" level="INFO">Repeating keyword, round 2/3.</msg>
<kw name="Scroll Element Into View" owner="SeleniumLibrary">
<arg>//button/span[contains(text(),'Next Player')]</arg>
<doc>Scrolls the element identified by ``locator`` into view.</doc>
<status status="PASS" start="2025-10-27T00:50:40.691399" elapsed="1.082710"/>
</kw>
<msg time="2025-10-27T00:50:41.774109" level="INFO">Repeating keyword, round 3/3.</msg>
<kw name="Scroll Element Into View" owner="SeleniumLibrary">
<arg>//button/span[contains(text(),'Next Player')]</arg>
<doc>Scrolls the element identified by ``locator`` into view.</doc>
<status status="PASS" start="2025-10-27T00:50:41.774109" elapsed="1.076971"/>
</kw>
<arg>3 times</arg>
<arg>scroll element into view</arg>
<arg>//button/span[contains(text(),'Next Player')]</arg>
<doc>Executes the specified keyword multiple times.</doc>
<status status="PASS" start="2025-10-27T00:50:39.595743" elapsed="3.255337"/>
</kw>
<kw name="Sleep" owner="BuiltIn">
<msg time="2025-10-27T00:50:45.851564" level="INFO">Slept 3 seconds.</msg>
<arg>3</arg>
<doc>Pauses the test executed for the given time.</doc>
<status status="PASS" start="2025-10-27T00:50:42.851080" elapsed="3.000484"/>
</kw>
<kw name="Click Element" owner="SeleniumLibrary">
<msg time="2025-10-27T00:50:45.851564" level="INFO">Clicking element '//button/span[contains(text(),'Next Player')]'.</msg>
<msg time="2025-10-27T00:51:06.832457" level="INFO" html="true">&lt;/td&gt;&lt;/tr&gt;&lt;tr&gt;&lt;td colspan="3"&gt;&lt;a href="selenium-screenshot-17.png"&gt;&lt;img src="selenium-screenshot-17.png" width="800px"&gt;&lt;/a&gt;</msg>
<msg time="2025-10-27T00:51:06.833494" level="FAIL">ElementNotInteractableException: Message: element not interactable
  (Session info: chrome=141.0.7390.122)
Stacktrace:
	GetHandleVerifier [0x0x7ff7090730f5+79493]
	GetHandleVerifier [0x0x7ff709073150+79584]
	(No symbol) [0x0x7ff708deffdc]
	(No symbol) [0x0x7ff708e495d3]
	(No symbol) [0x0x7ff708e3af58]
	(No symbol) [0x0x7ff708e7070a]
	(No symbol) [0x0x7ff708e3a7e6]
	(No symbol) [0x0x7ff708e70920]
	(No symbol) [0x0x7ff708e98b8b]
	(No symbol) [0x0x7ff708e704e3]
	(No symbol) [0x0x7ff708e38e92]
	(No symbol) [0x0x7ff708e39c63]
	GetHandleVerifier [0x0x7ff709330dbd+2954061]
	GetHandleVerifier [0x0x7ff70932b02a+2930106]
	GetHandleVerifier [0x0x7ff70934b357+3061991]
	GetHandleVerifier [0x0x7ff70908d60e+187294]
	GetHandleVerifier [0x0x7ff70909557f+219919]
	GetHandleVerifier [0x0x7ff70907c294+116772]
	GetHandleVerifier [0x0x7ff70907c449+117209]
	GetHandleVerifier [0x0x7ff709062618+11176]
	BaseThreadInitThunk [0x0x7ffc23efe8d7+23]
	RtlUserThreadStart [0x0x7ffc24b8c53c+44]
</msg>
<arg>//button/span[contains(text(),'Next Player')]</arg>
<doc>Click the element identified by ``locator``.</doc>
<status status="FAIL" start="2025-10-27T00:50:45.851564" elapsed="20.991750">ElementNotInteractableException: Message: element not interactable
  (Session info: chrome=141.0.7390.122)
Stacktrace:
	GetHandleVerifier [0x0x7ff7090730f5+79493]
	GetHandleVerifier [0x0x7ff709073150+79584]
	(No symbol) [0x0x7ff708deffdc]
	(No symbol) [0x0x7ff708e495d3]
	(No symbol) [0x0x7ff708e3af58]
	(No symbol) [0x0x7ff708e7070a]
	(No symbol) [0x0x7ff708e3a7e6]
	(No symbol) [0x0x7ff708e70920]
	(No symbol) [0x0x7ff708e98b8b]
	(No symbol) [0x0x7ff708e704e3]
	(No symbol) [0x0x7ff708e38e92]
	(No symbol) [0x0x7ff708e39c63]
	GetHandleVerifier [0x0x7ff709330dbd+2954061]
	GetHandleVerifier [0x0x7ff70932b02a+2930106]
	GetHandleVerifier [0x0x7ff70934b357+3061991]
	GetHandleVerifier [0x0x7ff70908d60e+187294]
	GetHandleVerifier [0x0x7ff70909557f+219919]
	GetHandleVerifier [0x0x7ff70907c294+116772]
	GetHandleVerifier [0x0x7ff70907c449+117209]
	GetHandleVerifier [0x0x7ff709062618+11176]
	BaseThreadInitThunk [0x0x7ffc23efe8d7+23]
	RtlUserThreadStart [0x0x7ffc24b8c53c+44]
</status>
</kw>
<var name="${ply}">P3 of 1410</var>
<status status="FAIL" start="2025-10-27T00:50:03.295886" elapsed="63.547428">ElementNotInteractableException: Message: element not interactable
  (Session info: chrome=141.0.7390.122)
Stacktrace:
	GetHandleVerifier [0x0x7ff7090730f5+79493]
	GetHandleVerifier [0x0x7ff709073150+79584]
	(No symbol) [0x0x7ff708deffdc]
	(No symbol) [0x0x7ff708e495d3]
	(No symbol) [0x0x7ff708e3af58]
	(No symbol) [0x0x7ff708e7070a]
	(No symbol) [0x0x7ff708e3a7e6]
	(No symbol) [0x0x7ff708e70920]
	(No symbol) [0x0x7ff708e98b8b]
	(No symbol) [0x0x7ff708e704e3]
	(No symbol) [0x0x7ff708e38e92]
	(No symbol) [0x0x7ff708e39c63]
	GetHandleVerifier [0x0x7ff709330dbd+2954061]
	GetHandleVerifier [0x0x7ff70932b02a+2930106]
	GetHandleVerifier [0x0x7ff70934b357+3061991]
	GetHandleVerifier [0x0x7ff70908d60e+187294]
	GetHandleVerifier [0x0x7ff70909557f+219919]
	GetHandleVerifier [0x0x7ff70907c294+116772]
	GetHandleVerifier [0x0x7ff70907c449+117209]
	GetHandleVerifier [0x0x7ff709062618+11176]
	BaseThreadInitThunk [0x0x7ffc23efe8d7+23]
	RtlUserThreadStart [0x0x7ffc24b8c53c+44]
</status>
</iter>
<var>${ply}</var>
<value>@{Players}</value>
<status status="FAIL" start="2025-10-27T00:49:15.054891" elapsed="111.788423">ElementNotInteractableException: Message: element not interactable
  (Session info: chrome=141.0.7390.122)
Stacktrace:
	GetHandleVerifier [0x0x7ff7090730f5+79493]
	GetHandleVerifier [0x0x7ff709073150+79584]
	(No symbol) [0x0x7ff708deffdc]
	(No symbol) [0x0x7ff708e495d3]
	(No symbol) [0x0x7ff708e3af58]
	(No symbol) [0x0x7ff708e7070a]
	(No symbol) [0x0x7ff708e3a7e6]
	(No symbol) [0x0x7ff708e70920]
	(No symbol) [0x0x7ff708e98b8b]
	(No symbol) [0x0x7ff708e704e3]
	(No symbol) [0x0x7ff708e38e92]
	(No symbol) [0x0x7ff708e39c63]
	GetHandleVerifier [0x0x7ff709330dbd+2954061]
	GetHandleVerifier [0x0x7ff70932b02a+2930106]
	GetHandleVerifier [0x0x7ff70934b357+3061991]
	GetHandleVerifier [0x0x7ff70908d60e+187294]
	GetHandleVerifier [0x0x7ff70909557f+219919]
	GetHandleVerifier [0x0x7ff70907c294+116772]
	GetHandleVerifier [0x0x7ff70907c449+117209]
	GetHandleVerifier [0x0x7ff709062618+11176]
	BaseThreadInitThunk [0x0x7ffc23efe8d7+23]
	RtlUserThreadStart [0x0x7ffc24b8c53c+44]
</status>
</for>
<status status="FAIL" start="2025-10-27T00:49:14.650258" elapsed="112.193056">ElementNotInteractableException: Message: element not interactable
  (Session info: chrome=141.0.7390.122)
Stacktrace:
	GetHandleVerifier [0x0x7ff7090730f5+79493]
	GetHandleVerifier [0x0x7ff709073150+79584]
	(No symbol) [0x0x7ff708deffdc]
	(No symbol) [0x0x7ff708e495d3]
	(No symbol) [0x0x7ff708e3af58]
	(No symbol) [0x0x7ff708e7070a]
	(No symbol) [0x0x7ff708e3a7e6]
	(No symbol) [0x0x7ff708e70920]
	(No symbol) [0x0x7ff708e98b8b]
	(No symbol) [0x0x7ff708e704e3]
	(No symbol) [0x0x7ff708e38e92]
	(No symbol) [0x0x7ff708e39c63]
	GetHandleVerifier [0x0x7ff709330dbd+2954061]
	GetHandleVerifier [0x0x7ff70932b02a+2930106]
	GetHandleVerifier [0x0x7ff70934b357+3061991]
	GetHandleVerifier [0x0x7ff70908d60e+187294]
	GetHandleVerifier [0x0x7ff70909557f+219919]
	GetHandleVerifier [0x0x7ff70907c294+116772]
	GetHandleVerifier [0x0x7ff70907c449+117209]
	GetHandleVerifier [0x0x7ff709062618+11176]
	BaseThreadInitThunk [0x0x7ffc23efe8d7+23]
	RtlUserThreadStart [0x0x7ffc24b8c53c+44]
</status>
</kw>
<status status="FAIL" start="2025-10-27T00:48:01.141966" elapsed="185.701348">ElementNotInteractableException: Message: element not interactable
  (Session info: chrome=141.0.7390.122)
Stacktrace:
	GetHandleVerifier [0x0x7ff7090730f5+79493]
	GetHandleVerifier [0x0x7ff709073150+79584]
	(No symbol) [0x0x7ff708deffdc]
	(No symbol) [0x0x7ff708e495d3]
	(No symbol) [0x0x7ff708e3af58]
	(No symbol) [0x0x7ff708e7070a]
	(No symbol) [0x0x7ff708e3a7e6]
	(No symbol) [0x0x7ff708e70920]
	(No symbol) [0x0x7ff708e98b8b]
	(No symbol) [0x0x7ff708e704e3]
	(No symbol) [0x0x7ff708e38e92]
	(No symbol) [0x0x7ff708e39c63]
	GetHandleVerifier [0x0x7ff709330dbd+2954061]
	GetHandleVerifier [0x0x7ff70932b02a+2930106]
	GetHandleVerifier [0x0x7ff70934b357+3061991]
	GetHandleVerifier [0x0x7ff70908d60e+187294]
	GetHandleVerifier [0x0x7ff70909557f+219919]
	GetHandleVerifier [0x0x7ff70907c294+116772]
	GetHandleVerifier [0x0x7ff70907c449+117209]
	GetHandleVerifier [0x0x7ff709062618+11176]
	BaseThreadInitThunk [0x0x7ffc23efe8d7+23]
	RtlUserThreadStart [0x0x7ffc24b8c53c+44]
</status>
</test>
<status status="FAIL" start="2025-10-27T00:48:00.961735" elapsed="185.881579"/>
</suite>
<statistics>
<total>
<stat pass="0" fail="1" skip="0">All Tests</stat>
</total>
<tag>
</tag>
<suite>
<stat pass="0" fail="1" skip="0" id="s1" name="MultiPlayersReg">MultiPlayersReg</stat>
</suite>
</statistics>
<errors>
</errors>
</robot>
